<?xml version="1.0" encoding="UTF-8" ?>
<testsuite failures="0" time="1.921" errors="0" skipped="0" tests="5" name="bank.icbc.database.template.CustomerJDBCTemplateTest">
  <properties>
    <property name="java.runtime.name" value="Java(TM) SE Runtime Environment"/>
    <property name="sun.boot.library.path" value="/Library/Java/JavaVirtualMachines/jdk1.7.0_09.jdk/Contents/Home/jre/lib"/>
    <property name="java.vm.version" value="23.5-b02"/>
    <property name="user.country.format" value="CN"/>
    <property name="gopherProxySet" value="false"/>
    <property name="java.vm.vendor" value="Oracle Corporation"/>
    <property name="java.vendor.url" value="http://java.oracle.com/"/>
    <property name="path.separator" value=":"/>
    <property name="java.vm.name" value="Java HotSpot(TM) 64-Bit Server VM"/>
    <property name="file.encoding.pkg" value="sun.io"/>
    <property name="user.country" value="US"/>
    <property name="sun.java.launcher" value="SUN_STANDARD"/>
    <property name="sun.os.patch.level" value="unknown"/>
    <property name="java.vm.specification.name" value="Java Virtual Machine Specification"/>
    <property name="user.dir" value="/Users/twer/Documents/workspace/BankingSystem2"/>
    <property name="java.runtime.version" value="1.7.0_09-b05"/>
    <property name="java.awt.graphicsenv" value="sun.awt.CGraphicsEnvironment"/>
    <property name="basedir" value="/Users/twer/Documents/workspace/BankingSystem2"/>
    <property name="java.endorsed.dirs" value="/Library/Java/JavaVirtualMachines/jdk1.7.0_09.jdk/Contents/Home/jre/lib/endorsed"/>
    <property name="os.arch" value="x86_64"/>
    <property name="surefire.real.class.path" value="/Users/twer/Documents/workspace/BankingSystem2/target/surefire/surefirebooter6755972377408942726.jar"/>
    <property name="java.io.tmpdir" value="/var/folders/1d/gt2206452390kr5yfxddhw1w0000gn/T/"/>
    <property name="line.separator" value="
"/>
    <property name="java.vm.specification.vendor" value="Oracle Corporation"/>
    <property name="os.name" value="Mac OS X"/>
    <property name="sun.jnu.encoding" value="US-ASCII"/>
    <property name="java.library.path" value="/Users/twer/Library/Java/Extensions:/Library/Java/Extensions:/Network/Library/Java/Extensions:/System/Library/Java/Extensions:/usr/lib/java:."/>
    <property name="surefire.test.class.path" value="/Users/twer/Documents/workspace/BankingSystem2/target/test-classes:/Users/twer/Documents/workspace/BankingSystem2/target/classes:/Users/twer/.m2/repository/org/springframework/spring-jdbc/3.2.1.RELEASE/spring-jdbc-3.2.1.RELEASE.jar:/Users/twer/.m2/repository/org/springframework/spring-tx/3.2.1.RELEASE/spring-tx-3.2.1.RELEASE.jar:/Users/twer/.m2/repository/org/springframework/spring-beans/3.2.1.RELEASE/spring-beans-3.2.1.RELEASE.jar:/Users/twer/.m2/repository/org/springframework/spring-core/3.2.1.RELEASE/spring-core-3.2.1.RELEASE.jar:/Users/twer/.m2/repository/junit/junit/4.11/junit-4.11.jar:/Users/twer/.m2/repository/org/hamcrest/hamcrest-core/1.3/hamcrest-core-1.3.jar:/Users/twer/.m2/repository/mysql/mysql-connector-java/5.1.23/mysql-connector-java-5.1.23.jar:/Users/twer/.m2/repository/org/springframework/spring-dao/2.0.8/spring-dao-2.0.8.jar:/Users/twer/.m2/repository/aopalliance/aopalliance/1.0/aopalliance-1.0.jar:/Users/twer/.m2/repository/commons-logging/commons-logging/1.1/commons-logging-1.1.jar:/Users/twer/.m2/repository/log4j/log4j/1.2.12/log4j-1.2.12.jar:/Users/twer/.m2/repository/logkit/logkit/1.0.1/logkit-1.0.1.jar:/Users/twer/.m2/repository/avalon-framework/avalon-framework/4.1.3/avalon-framework-4.1.3.jar:/Users/twer/.m2/repository/javax/servlet/servlet-api/2.5/servlet-api-2.5.jar:/Users/twer/.m2/repository/org/springframework/spring-webmvc/3.1.1.RELEASE/spring-webmvc-3.1.1.RELEASE.jar:/Users/twer/.m2/repository/org/springframework/spring-asm/3.1.1.RELEASE/spring-asm-3.1.1.RELEASE.jar:/Users/twer/.m2/repository/org/springframework/spring-context-support/3.1.1.RELEASE/spring-context-support-3.1.1.RELEASE.jar:/Users/twer/.m2/repository/org/springframework/spring-expression/3.1.1.RELEASE/spring-expression-3.1.1.RELEASE.jar:/Users/twer/.m2/repository/org/springframework/spring-web/3.1.2.RELEASE/spring-web-3.1.2.RELEASE.jar:/Users/twer/.m2/repository/org/springframework/spring-context/3.1.2.RELEASE/spring-context-3.1.2.RELEASE.jar:/Users/twer/.m2/repository/org/springframework/spring-aop/3.1.2.RELEASE/spring-aop-3.1.2.RELEASE.jar:"/>
    <property name="java.specification.name" value="Java Platform API Specification"/>
    <property name="java.class.version" value="51.0"/>
    <property name="sun.management.compiler" value="HotSpot 64-Bit Tiered Compilers"/>
    <property name="os.version" value="10.8.2"/>
    <property name="http.nonProxyHosts" value="local|*.local|169.254/16|*.169.254/16"/>
    <property name="user.home" value="/Users/twer"/>
    <property name="user.timezone" value="Asia/Chongqing"/>
    <property name="java.awt.printerjob" value="sun.lwawt.macosx.CPrinterJob"/>
    <property name="java.specification.version" value="1.7"/>
    <property name="file.encoding" value="US-ASCII"/>
    <property name="user.name" value="twer"/>
    <property name="java.class.path" value="/Users/twer/Documents/workspace/BankingSystem2/target/test-classes:/Users/twer/Documents/workspace/BankingSystem2/target/classes:/Users/twer/.m2/repository/org/springframework/spring-jdbc/3.2.1.RELEASE/spring-jdbc-3.2.1.RELEASE.jar:/Users/twer/.m2/repository/org/springframework/spring-tx/3.2.1.RELEASE/spring-tx-3.2.1.RELEASE.jar:/Users/twer/.m2/repository/org/springframework/spring-beans/3.2.1.RELEASE/spring-beans-3.2.1.RELEASE.jar:/Users/twer/.m2/repository/org/springframework/spring-core/3.2.1.RELEASE/spring-core-3.2.1.RELEASE.jar:/Users/twer/.m2/repository/junit/junit/4.11/junit-4.11.jar:/Users/twer/.m2/repository/org/hamcrest/hamcrest-core/1.3/hamcrest-core-1.3.jar:/Users/twer/.m2/repository/mysql/mysql-connector-java/5.1.23/mysql-connector-java-5.1.23.jar:/Users/twer/.m2/repository/org/springframework/spring-dao/2.0.8/spring-dao-2.0.8.jar:/Users/twer/.m2/repository/aopalliance/aopalliance/1.0/aopalliance-1.0.jar:/Users/twer/.m2/repository/commons-logging/commons-logging/1.1/commons-logging-1.1.jar:/Users/twer/.m2/repository/log4j/log4j/1.2.12/log4j-1.2.12.jar:/Users/twer/.m2/repository/logkit/logkit/1.0.1/logkit-1.0.1.jar:/Users/twer/.m2/repository/avalon-framework/avalon-framework/4.1.3/avalon-framework-4.1.3.jar:/Users/twer/.m2/repository/javax/servlet/servlet-api/2.5/servlet-api-2.5.jar:/Users/twer/.m2/repository/org/springframework/spring-webmvc/3.1.1.RELEASE/spring-webmvc-3.1.1.RELEASE.jar:/Users/twer/.m2/repository/org/springframework/spring-asm/3.1.1.RELEASE/spring-asm-3.1.1.RELEASE.jar:/Users/twer/.m2/repository/org/springframework/spring-context-support/3.1.1.RELEASE/spring-context-support-3.1.1.RELEASE.jar:/Users/twer/.m2/repository/org/springframework/spring-expression/3.1.1.RELEASE/spring-expression-3.1.1.RELEASE.jar:/Users/twer/.m2/repository/org/springframework/spring-web/3.1.2.RELEASE/spring-web-3.1.2.RELEASE.jar:/Users/twer/.m2/repository/org/springframework/spring-context/3.1.2.RELEASE/spring-context-3.1.2.RELEASE.jar:/Users/twer/.m2/repository/org/springframework/spring-aop/3.1.2.RELEASE/spring-aop-3.1.2.RELEASE.jar:"/>
    <property name="java.vm.specification.version" value="1.7"/>
    <property name="sun.arch.data.model" value="64"/>
    <property name="java.home" value="/Library/Java/JavaVirtualMachines/jdk1.7.0_09.jdk/Contents/Home/jre"/>
    <property name="sun.java.command" value="/Users/twer/Documents/workspace/BankingSystem2/target/surefire/surefirebooter6755972377408942726.jar /Users/twer/Documents/workspace/BankingSystem2/target/surefire/surefire3779667158325484937tmp /Users/twer/Documents/workspace/BankingSystem2/target/surefire/surefire1193514447882125419tmp"/>
    <property name="java.specification.vendor" value="Oracle Corporation"/>
    <property name="user.language" value="en"/>
    <property name="awt.toolkit" value="sun.lwawt.macosx.LWCToolkit"/>
    <property name="java.vm.info" value="mixed mode"/>
    <property name="java.version" value="1.7.0_09"/>
    <property name="java.ext.dirs" value="/Users/twer/Library/Java/Extensions:/Library/Java/JavaVirtualMachines/jdk1.7.0_09.jdk/Contents/Home/jre/lib/ext:/Library/Java/Extensions:/Network/Library/Java/Extensions:/System/Library/Java/Extensions:/usr/lib/java"/>
    <property name="sun.boot.class.path" value="/Library/Java/JavaVirtualMachines/jdk1.7.0_09.jdk/Contents/Home/jre/lib/resources.jar:/Library/Java/JavaVirtualMachines/jdk1.7.0_09.jdk/Contents/Home/jre/lib/rt.jar:/Library/Java/JavaVirtualMachines/jdk1.7.0_09.jdk/Contents/Home/jre/lib/sunrsasign.jar:/Library/Java/JavaVirtualMachines/jdk1.7.0_09.jdk/Contents/Home/jre/lib/jsse.jar:/Library/Java/JavaVirtualMachines/jdk1.7.0_09.jdk/Contents/Home/jre/lib/jce.jar:/Library/Java/JavaVirtualMachines/jdk1.7.0_09.jdk/Contents/Home/jre/lib/charsets.jar:/Library/Java/JavaVirtualMachines/jdk1.7.0_09.jdk/Contents/Home/jre/lib/jfr.jar:/Library/Java/JavaVirtualMachines/jdk1.7.0_09.jdk/Contents/Home/jre/lib/JObjC.jar:/Library/Java/JavaVirtualMachines/jdk1.7.0_09.jdk/Contents/Home/jre/classes"/>
    <property name="java.vendor" value="Oracle Corporation"/>
    <property name="localRepository" value="/Users/twer/.m2/repository"/>
    <property name="file.separator" value="/"/>
    <property name="java.vendor.url.bug" value="http://bugreport.sun.com/bugreport/"/>
    <property name="sun.cpu.endian" value="little"/>
    <property name="sun.io.unicode.encoding" value="UnicodeBig"/>
    <property name="socksNonProxyHosts" value="local|*.local|169.254/16|*.169.254/16"/>
    <property name="ftp.nonProxyHosts" value="local|*.local|169.254/16|*.169.254/16"/>
    <property name="sun.cpu.isalist" value=""/>
  </properties>
  <testcase time="0.763" classname="bank.icbc.database.template.CustomerJDBCTemplateTest" name="shouldThrowExceptionWhenAddTwoCustomersWithSameNickname"/>
  <testcase time="0.123" classname="bank.icbc.database.template.CustomerJDBCTemplateTest" name="shouldThrowExceptionWhenAddCustomerWithNicknameContainsOnlySpaces"/>
  <testcase time="0.166" classname="bank.icbc.database.template.CustomerJDBCTemplateTest" name="shouldThrowExceptionWhenAddCustomerWithoutNickname"/>
  <testcase time="0.174" classname="bank.icbc.database.template.CustomerJDBCTemplateTest" name="shouldAddCustomerSuccessfully"/>
  <testcase time="0.123" classname="bank.icbc.database.template.CustomerJDBCTemplateTest" name="shouldThrowExceptionWhenAddCustomerWithInvalidNickname"/>
</testsuite>